{"C:\\Users\\ADMIN\\OneDrive\\Documents\\AMALITECH\\Lab-7\\statically-strict-debugger\\js\\advanceSettings.ts": {"path":"C:\\Users\\ADMIN\\OneDrive\\Documents\\AMALITECH\\Lab-7\\statically-strict-debugger\\js\\advanceSettings.ts","statementMap":{"0":{"start":{"line":3,"column":0},"end":{"line":3,"column":32}},"1":{"start":{"line":12,"column":0},"end":{"line":12,"column":35}},"2":{"start":{"line":16,"column":4},"end":{"line":16,"column":null}},"3":{"start":{"line":112,"column":25},"end":{"line":112,"column":64}},"4":{"start":{"line":113,"column":26},"end":{"line":113,"column":57}},"5":{"start":{"line":114,"column":26},"end":{"line":115,"column":null}},"6":{"start":{"line":117,"column":4},"end":{"line":117,"column":null}},"7":{"start":{"line":120,"column":4},"end":{"line":120,"column":null}},"8":{"start":{"line":123,"column":4},"end":{"line":123,"column":null}},"9":{"start":{"line":127,"column":20},"end":{"line":130,"column":null}},"10":{"start":{"line":132,"column":4},"end":{"line":132,"column":null}},"11":{"start":{"line":136,"column":26},"end":{"line":137,"column":null}},"12":{"start":{"line":139,"column":25},"end":{"line":139,"column":75}},"13":{"start":{"line":142,"column":4},"end":{"line":142,"column":null}},"14":{"start":{"line":144,"column":4},"end":{"line":144,"column":null}},"15":{"start":{"line":151,"column":20},"end":{"line":154,"column":null}},"16":{"start":{"line":156,"column":4},"end":{"line":156,"column":null}},"17":{"start":{"line":157,"column":4},"end":{"line":157,"column":10}},"18":{"start":{"line":161,"column":20},"end":{"line":164,"column":null}},"19":{"start":{"line":166,"column":22},"end":{"line":166,"column":29}},"20":{"start":{"line":169,"column":4},"end":{"line":169,"column":22}},"21":{"start":{"line":169,"column":16},"end":{"line":169,"column":22}},"22":{"start":{"line":171,"column":22},"end":{"line":174,"column":null}},"23":{"start":{"line":176,"column":4},"end":{"line":176,"column":null}},"24":{"start":{"line":177,"column":4},"end":{"line":177,"column":null}},"25":{"start":{"line":180,"column":24},"end":{"line":181,"column":null}},"26":{"start":{"line":183,"column":4},"end":{"line":183,"column":null}},"27":{"start":{"line":186,"column":4},"end":{"line":186,"column":null}},"28":{"start":{"line":189,"column":4},"end":{"line":189,"column":null}},"29":{"start":{"line":193,"column":20},"end":{"line":196,"column":null}},"30":{"start":{"line":198,"column":22},"end":{"line":198,"column":29}},"31":{"start":{"line":201,"column":4},"end":{"line":201,"column":22}},"32":{"start":{"line":201,"column":16},"end":{"line":201,"column":22}},"33":{"start":{"line":203,"column":22},"end":{"line":206,"column":null}},"34":{"start":{"line":208,"column":4},"end":{"line":208,"column":null}},"35":{"start":{"line":209,"column":4},"end":{"line":209,"column":null}},"36":{"start":{"line":212,"column":24},"end":{"line":213,"column":null}},"37":{"start":{"line":215,"column":4},"end":{"line":215,"column":null}},"38":{"start":{"line":218,"column":4},"end":{"line":218,"column":null}},"39":{"start":{"line":221,"column":4},"end":{"line":221,"column":null}},"40":{"start":{"line":225,"column":4},"end":{"line":225,"column":null}},"41":{"start":{"line":225,"column":24},"end":{"line":225,"column":null}},"42":{"start":{"line":226,"column":22},"end":{"line":226,"column":70}},"43":{"start":{"line":227,"column":4},"end":{"line":227,"column":null}},"44":{"start":{"line":231,"column":4},"end":{"line":231,"column":null}},"45":{"start":{"line":235,"column":30},"end":{"line":235,"column":65}},"46":{"start":{"line":236,"column":4},"end":{"line":236,"column":null}},"47":{"start":{"line":240,"column":4},"end":{"line":240,"column":null}},"48":{"start":{"line":244,"column":4},"end":{"line":244,"column":null}},"49":{"start":{"line":248,"column":24},"end":{"line":248,"column":39}},"50":{"start":{"line":250,"column":27},"end":{"line":250,"column":37}},"51":{"start":{"line":251,"column":4},"end":{"line":251,"column":null}},"52":{"start":{"line":252,"column":4},"end":{"line":252,"column":null}},"53":{"start":{"line":253,"column":4},"end":{"line":253,"column":null}},"54":{"start":{"line":255,"column":4},"end":{"line":255,"column":null}},"55":{"start":{"line":259,"column":16},"end":{"line":259,"column":26}},"56":{"start":{"line":260,"column":20},"end":{"line":260,"column":75}},"57":{"start":{"line":261,"column":4},"end":{"line":261,"column":null}},"58":{"start":{"line":262,"column":4},"end":{"line":262,"column":null}},"59":{"start":{"line":266,"column":4},"end":{"line":284,"column":null}},"60":{"start":{"line":267,"column":35},"end":{"line":280,"column":7}},"61":{"start":{"line":268,"column":20},"end":{"line":268,"column":30}},"62":{"start":{"line":270,"column":8},"end":{"line":279,"column":9}},"63":{"start":{"line":275,"column":10},"end":{"line":275,"column":null}},"64":{"start":{"line":278,"column":10},"end":{"line":278,"column":null}},"65":{"start":{"line":283,"column":25},"end":{"line":283,"column":64}},"66":{"start":{"line":288,"column":26},"end":{"line":288,"column":47}},"67":{"start":{"line":289,"column":4},"end":{"line":289,"column":null}},"68":{"start":{"line":19,"column":10},"end":{"line":109,"column":null}},"69":{"start":{"line":20,"column":51},"end":{"line":20,"column":60}},"70":{"start":{"line":21,"column":4},"end":{"line":84,"column":null}},"71":{"start":{"line":88,"column":16},"end":{"line":88,"column":62}},"72":{"start":{"line":89,"column":4},"end":{"line":108,"column":null}},"73":{"start":{"line":293,"column":0},"end":{"line":293,"column":null}}},"fnMap":{"0":{"name":"(anonymous_8)","decl":{"start":{"line":15,"column":2},"end":{"line":15,"column":null}},"loc":{"start":{"line":15,"column":2},"end":{"line":17,"column":3}}},"1":{"name":"(anonymous_9)","decl":{"start":{"line":111,"column":2},"end":{"line":111,"column":12}},"loc":{"start":{"line":111,"column":33},"end":{"line":124,"column":3}}},"2":{"name":"(anonymous_10)","decl":{"start":{"line":126,"column":2},"end":{"line":126,"column":22}},"loc":{"start":{"line":126,"column":51},"end":{"line":133,"column":3}}},"3":{"name":"(anonymous_11)","decl":{"start":{"line":135,"column":2},"end":{"line":135,"column":17}},"loc":{"start":{"line":135,"column":17},"end":{"line":145,"column":3}}},"4":{"name":"(anonymous_12)","decl":{"start":{"line":147,"column":2},"end":{"line":147,"column":24}},"loc":{"start":{"line":149,"column":36},"end":{"line":158,"column":3}}},"5":{"name":"(anonymous_13)","decl":{"start":{"line":160,"column":2},"end":{"line":160,"column":28}},"loc":{"start":{"line":160,"column":57},"end":{"line":190,"column":3}}},"6":{"name":"(anonymous_14)","decl":{"start":{"line":192,"column":2},"end":{"line":192,"column":29}},"loc":{"start":{"line":192,"column":63},"end":{"line":222,"column":3}}},"7":{"name":"(anonymous_15)","decl":{"start":{"line":224,"column":2},"end":{"line":224,"column":22}},"loc":{"start":{"line":224,"column":44},"end":{"line":228,"column":3}}},"8":{"name":"(anonymous_16)","decl":{"start":{"line":230,"column":2},"end":{"line":230,"column":21}},"loc":{"start":{"line":230,"column":43},"end":{"line":232,"column":3}}},"9":{"name":"(anonymous_17)","decl":{"start":{"line":234,"column":2},"end":{"line":234,"column":12}},"loc":{"start":{"line":234,"column":69},"end":{"line":237,"column":3}}},"10":{"name":"(anonymous_18)","decl":{"start":{"line":239,"column":2},"end":{"line":239,"column":16}},"loc":{"start":{"line":239,"column":29},"end":{"line":241,"column":3}}},"11":{"name":"(anonymous_19)","decl":{"start":{"line":243,"column":2},"end":{"line":243,"column":18}},"loc":{"start":{"line":243,"column":18},"end":{"line":245,"column":3}}},"12":{"name":"(anonymous_20)","decl":{"start":{"line":247,"column":2},"end":{"line":247,"column":12}},"loc":{"start":{"line":247,"column":25},"end":{"line":256,"column":3}}},"13":{"name":"(anonymous_21)","decl":{"start":{"line":258,"column":2},"end":{"line":258,"column":16}},"loc":{"start":{"line":258,"column":37},"end":{"line":263,"column":3}}},"14":{"name":"(anonymous_22)","decl":{"start":{"line":265,"column":8},"end":{"line":265,"column":13}},"loc":{"start":{"line":265,"column":62},"end":{"line":285,"column":null}}},"15":{"name":"(anonymous_24)","decl":{"start":{"line":266,"column":23},"end":{"line":266,"column":24}},"loc":{"start":{"line":266,"column":43},"end":{"line":284,"column":5}}},"16":{"name":"(anonymous_25)","decl":{"start":{"line":267,"column":35},"end":{"line":267,"column":38}},"loc":{"start":{"line":267,"column":40},"end":{"line":280,"column":7}}},"17":{"name":"(anonymous_26)","decl":{"start":{"line":287,"column":8},"end":{"line":287,"column":21}},"loc":{"start":{"line":287,"column":50},"end":{"line":290,"column":null}}},"18":{"name":"_AdvanceSettings_markup","decl":{"start":{"line":19,"column":10},"end":{"line":19,"column":39}},"loc":{"start":{"line":19,"column":39},"end":{"line":85,"column":3}}},"19":{"name":"_AdvanceSettings_analyticsUsage","decl":{"start":{"line":85,"column":3},"end":{"line":85,"column":null}},"loc":{"start":{"line":87,"column":32},"end":{"line":109,"column":3}}}},"branchMap":{"0":{"loc":{"start":{"line":169,"column":4},"end":{"line":169,"column":22}},"type":"if","locations":[{"start":{"line":169,"column":4},"end":{"line":169,"column":22}}]},"1":{"loc":{"start":{"line":201,"column":4},"end":{"line":201,"column":22}},"type":"if","locations":[{"start":{"line":201,"column":4},"end":{"line":201,"column":22}}]},"2":{"loc":{"start":{"line":225,"column":4},"end":{"line":225,"column":null}},"type":"if","locations":[{"start":{"line":225,"column":4},"end":{"line":225,"column":null}}]},"3":{"loc":{"start":{"line":270,"column":8},"end":{"line":279,"column":9}},"type":"if","locations":[{"start":{"line":270,"column":8},"end":{"line":279,"column":9}}]},"4":{"loc":{"start":{"line":271,"column":10},"end":{"line":273,"column":48}},"type":"binary-expr","locations":[{"start":{"line":271,"column":10},"end":{"line":271,"column":44}},{"start":{"line":272,"column":10},"end":{"line":272,"column":48}},{"start":{"line":273,"column":10},"end":{"line":273,"column":48}}]}},"s":{"0":2,"1":2,"2":5,"3":0,"4":0,"5":0,"6":0,"7":0,"8":0,"9":0,"10":0,"11":0,"12":0,"13":0,"14":0,"15":2,"16":2,"17":2,"18":0,"19":0,"20":0,"21":0,"22":0,"23":0,"24":0,"25":0,"26":0,"27":0,"28":0,"29":0,"30":0,"31":0,"32":0,"33":0,"34":0,"35":0,"36":0,"37":0,"38":0,"39":0,"40":0,"41":0,"42":0,"43":0,"44":0,"45":0,"46":0,"47":0,"48":0,"49":1,"50":1,"51":1,"52":1,"53":1,"54":1,"55":0,"56":0,"57":0,"58":0,"59":0,"60":0,"61":0,"62":0,"63":0,"64":0,"65":0,"66":0,"67":0,"68":2,"69":0,"70":0,"71":0,"72":0,"73":2},"f":{"0":5,"1":0,"2":0,"3":0,"4":2,"5":0,"6":0,"7":0,"8":0,"9":0,"10":0,"11":0,"12":1,"13":0,"14":0,"15":0,"16":0,"17":0,"18":0,"19":0},"b":{"0":[0],"1":[0],"2":[0],"3":[0],"4":[0,0,0]}}
,"C:\\Users\\ADMIN\\OneDrive\\Documents\\AMALITECH\\Lab-7\\statically-strict-debugger\\js\\basicSettings.ts": {"path":"C:\\Users\\ADMIN\\OneDrive\\Documents\\AMALITECH\\Lab-7\\statically-strict-debugger\\js\\basicSettings.ts","statementMap":{"0":{"start":{"line":3,"column":0},"end":{"line":3,"column":31}},"1":{"start":{"line":7,"column":4},"end":{"line":7,"column":null}},"2":{"start":{"line":11,"column":4},"end":{"line":18,"column":null}},"3":{"start":{"line":26,"column":17},"end":{"line":26,"column":43}},"4":{"start":{"line":27,"column":4},"end":{"line":27,"column":null}},"5":{"start":{"line":31,"column":4},"end":{"line":33,"column":null}},"6":{"start":{"line":32,"column":6},"end":{"line":32,"column":null}},"7":{"start":{"line":37,"column":4},"end":{"line":37,"column":null}},"8":{"start":{"line":38,"column":4},"end":{"line":41,"column":null}},"9":{"start":{"line":45,"column":4},"end":{"line":45,"column":null}},"10":{"start":{"line":46,"column":4},"end":{"line":49,"column":null}},"11":{"start":{"line":53,"column":17},"end":{"line":53,"column":67}},"12":{"start":{"line":54,"column":26},"end":{"line":54,"column":49}},"13":{"start":{"line":55,"column":25},"end":{"line":55,"column":77}},"14":{"start":{"line":56,"column":23},"end":{"line":59,"column":null}},"15":{"start":{"line":61,"column":4},"end":{"line":61,"column":null}},"16":{"start":{"line":69,"column":8},"end":{"line":69,"column":57}},"17":{"start":{"line":70,"column":19},"end":{"line":73,"column":null}},"18":{"start":{"line":76,"column":4},"end":{"line":76,"column":26}},"19":{"start":{"line":76,"column":20},"end":{"line":76,"column":26}},"20":{"start":{"line":78,"column":4},"end":{"line":78,"column":null}},"21":{"start":{"line":80,"column":4},"end":{"line":90,"column":5}},"22":{"start":{"line":81,"column":6},"end":{"line":81,"column":null}},"23":{"start":{"line":82,"column":6},"end":{"line":82,"column":null}},"24":{"start":{"line":83,"column":29},"end":{"line":83,"column":58}},"25":{"start":{"line":84,"column":6},"end":{"line":84,"column":null}},"26":{"start":{"line":85,"column":6},"end":{"line":85,"column":null}},"27":{"start":{"line":87,"column":6},"end":{"line":87,"column":null}},"28":{"start":{"line":88,"column":6},"end":{"line":88,"column":null}},"29":{"start":{"line":89,"column":6},"end":{"line":89,"column":null}},"30":{"start":{"line":94,"column":30},"end":{"line":94,"column":67}},"31":{"start":{"line":96,"column":4},"end":{"line":96,"column":65}},"32":{"start":{"line":96,"column":59},"end":{"line":96,"column":65}},"33":{"start":{"line":98,"column":4},"end":{"line":98,"column":null}},"34":{"start":{"line":100,"column":24},"end":{"line":103,"column":null}},"35":{"start":{"line":106,"column":4},"end":{"line":110,"column":5}},"36":{"start":{"line":107,"column":6},"end":{"line":107,"column":null}},"37":{"start":{"line":108,"column":6},"end":{"line":108,"column":null}},"38":{"start":{"line":109,"column":6},"end":{"line":109,"column":12}},"39":{"start":{"line":112,"column":4},"end":{"line":112,"column":null}},"40":{"start":{"line":113,"column":4},"end":{"line":113,"column":null}},"41":{"start":{"line":121,"column":8},"end":{"line":121,"column":56}},"42":{"start":{"line":123,"column":4},"end":{"line":123,"column":26}},"43":{"start":{"line":123,"column":20},"end":{"line":123,"column":26}},"44":{"start":{"line":125,"column":4},"end":{"line":132,"column":5}},"45":{"start":{"line":126,"column":6},"end":{"line":126,"column":null}},"46":{"start":{"line":127,"column":29},"end":{"line":127,"column":58}},"47":{"start":{"line":128,"column":6},"end":{"line":128,"column":null}},"48":{"start":{"line":130,"column":6},"end":{"line":130,"column":null}},"49":{"start":{"line":131,"column":6},"end":{"line":131,"column":null}},"50":{"start":{"line":136,"column":0},"end":{"line":136,"column":null}}},"fnMap":{"0":{"name":"(anonymous_0)","decl":{"start":{"line":6,"column":2},"end":{"line":6,"column":null}},"loc":{"start":{"line":6,"column":2},"end":{"line":8,"column":3}}},"1":{"name":"(anonymous_1)","decl":{"start":{"line":10,"column":2},"end":{"line":10,"column":14}},"loc":{"start":{"line":10,"column":30},"end":{"line":19,"column":3}}},"2":{"name":"(anonymous_2)","decl":{"start":{"line":21,"column":2},"end":{"line":21,"column":21}},"loc":{"start":{"line":24,"column":26},"end":{"line":28,"column":3}}},"3":{"name":"(anonymous_3)","decl":{"start":{"line":30,"column":2},"end":{"line":30,"column":20}},"loc":{"start":{"line":30,"column":41},"end":{"line":34,"column":3}}},"4":{"name":"(anonymous_4)","decl":{"start":{"line":31,"column":15},"end":{"line":31,"column":18}},"loc":{"start":{"line":31,"column":20},"end":{"line":33,"column":5}}},"5":{"name":"(anonymous_5)","decl":{"start":{"line":36,"column":2},"end":{"line":36,"column":15}},"loc":{"start":{"line":36,"column":66},"end":{"line":42,"column":3}}},"6":{"name":"(anonymous_6)","decl":{"start":{"line":44,"column":2},"end":{"line":44,"column":16}},"loc":{"start":{"line":44,"column":48},"end":{"line":50,"column":3}}},"7":{"name":"(anonymous_7)","decl":{"start":{"line":52,"column":2},"end":{"line":52,"column":25}},"loc":{"start":{"line":52,"column":64},"end":{"line":62,"column":3}}},"8":{"name":"(anonymous_8)","decl":{"start":{"line":64,"column":2},"end":{"line":64,"column":19}},"loc":{"start":{"line":64,"column":58},"end":{"line":91,"column":3}}},"9":{"name":"(anonymous_9)","decl":{"start":{"line":93,"column":2},"end":{"line":93,"column":28}},"loc":{"start":{"line":93,"column":68},"end":{"line":114,"column":3}}},"10":{"name":"(anonymous_10)","decl":{"start":{"line":116,"column":2},"end":{"line":116,"column":13}},"loc":{"start":{"line":116,"column":72},"end":{"line":133,"column":3}}}},"branchMap":{"0":{"loc":{"start":{"line":37,"column":4},"end":{"line":37,"column":75}},"type":"cond-expr","locations":[{"start":{"line":37,"column":22},"end":{"line":37,"column":24}},{"start":{"line":37,"column":4},"end":{"line":37,"column":75}}]},"1":{"loc":{"start":{"line":37,"column":4},"end":{"line":37,"column":24}},"type":"binary-expr","locations":[{"start":{"line":37,"column":4},"end":{"line":37,"column":24}},{"start":{"line":37,"column":4},"end":{"line":37,"column":24}}]},"2":{"loc":{"start":{"line":38,"column":4},"end":{"line":40,"column":null}},"type":"cond-expr","locations":[{"start":{"line":38,"column":22},"end":{"line":38,"column":24}},{"start":{"line":38,"column":4},"end":{"line":40,"column":null}}]},"3":{"loc":{"start":{"line":38,"column":4},"end":{"line":38,"column":24}},"type":"binary-expr","locations":[{"start":{"line":38,"column":4},"end":{"line":38,"column":24}},{"start":{"line":38,"column":4},"end":{"line":38,"column":24}}]},"4":{"loc":{"start":{"line":55,"column":25},"end":{"line":55,"column":77}},"type":"cond-expr","locations":[{"start":{"line":55,"column":43},"end":{"line":55,"column":45}},{"start":{"line":55,"column":25},"end":{"line":55,"column":77}}]},"5":{"loc":{"start":{"line":55,"column":25},"end":{"line":55,"column":45}},"type":"binary-expr","locations":[{"start":{"line":55,"column":25},"end":{"line":55,"column":45}},{"start":{"line":55,"column":25},"end":{"line":55,"column":45}}]},"6":{"loc":{"start":{"line":76,"column":4},"end":{"line":76,"column":26}},"type":"if","locations":[{"start":{"line":76,"column":4},"end":{"line":76,"column":26}}]},"7":{"loc":{"start":{"line":80,"column":4},"end":{"line":90,"column":5}},"type":"if","locations":[{"start":{"line":80,"column":4},"end":{"line":90,"column":5}},{"start":{"line":86,"column":11},"end":{"line":90,"column":5}}]},"8":{"loc":{"start":{"line":96,"column":4},"end":{"line":96,"column":65}},"type":"if","locations":[{"start":{"line":96,"column":4},"end":{"line":96,"column":65}}]},"9":{"loc":{"start":{"line":96,"column":8},"end":{"line":96,"column":57}},"type":"binary-expr","locations":[{"start":{"line":96,"column":8},"end":{"line":96,"column":37}},{"start":{"line":96,"column":41},"end":{"line":96,"column":57}}]},"10":{"loc":{"start":{"line":106,"column":4},"end":{"line":110,"column":5}},"type":"if","locations":[{"start":{"line":106,"column":4},"end":{"line":110,"column":5}}]},"11":{"loc":{"start":{"line":123,"column":4},"end":{"line":123,"column":26}},"type":"if","locations":[{"start":{"line":123,"column":4},"end":{"line":123,"column":26}}]},"12":{"loc":{"start":{"line":125,"column":4},"end":{"line":132,"column":5}},"type":"if","locations":[{"start":{"line":125,"column":4},"end":{"line":132,"column":5}},{"start":{"line":129,"column":11},"end":{"line":132,"column":5}}]}},"s":{"0":3,"1":9,"2":0,"3":0,"4":0,"5":0,"6":0,"7":1,"8":1,"9":1,"10":1,"11":0,"12":0,"13":0,"14":0,"15":0,"16":0,"17":0,"18":0,"19":0,"20":0,"21":0,"22":0,"23":0,"24":0,"25":0,"26":0,"27":0,"28":0,"29":0,"30":0,"31":0,"32":0,"33":0,"34":0,"35":0,"36":0,"37":0,"38":0,"39":0,"40":0,"41":0,"42":0,"43":0,"44":0,"45":0,"46":0,"47":0,"48":0,"49":0,"50":3},"f":{"0":9,"1":0,"2":0,"3":0,"4":0,"5":1,"6":1,"7":0,"8":0,"9":0,"10":0},"b":{"0":[0,1],"1":[1,1],"2":[0,1],"3":[1,1],"4":[0,0],"5":[0,0],"6":[0],"7":[0,0],"8":[0],"9":[0,0],"10":[0],"11":[0],"12":[0,0]}}
,"C:\\Users\\ADMIN\\OneDrive\\Documents\\AMALITECH\\Lab-7\\statically-strict-debugger\\js\\general.ts": {"path":"C:\\Users\\ADMIN\\OneDrive\\Documents\\AMALITECH\\Lab-7\\statically-strict-debugger\\js\\general.ts","statementMap":{"0":{"start":{"line":14,"column":2},"end":{"line":78,"column":null}},"1":{"start":{"line":80,"column":2},"end":{"line":85,"column":null}},"2":{"start":{"line":91,"column":4},"end":{"line":91,"column":null}},"3":{"start":{"line":92,"column":4},"end":{"line":92,"column":null}},"4":{"start":{"line":96,"column":4},"end":{"line":96,"column":null}},"5":{"start":{"line":100,"column":4},"end":{"line":100,"column":null}},"6":{"start":{"line":108,"column":28},"end":{"line":111,"column":null}},"7":{"start":{"line":113,"column":17},"end":{"line":113,"column":60}},"8":{"start":{"line":114,"column":4},"end":{"line":114,"column":null}},"9":{"start":{"line":122,"column":25},"end":{"line":125,"column":null}},"10":{"start":{"line":127,"column":17},"end":{"line":127,"column":40}},"11":{"start":{"line":128,"column":4},"end":{"line":128,"column":null}},"12":{"start":{"line":136,"column":4},"end":{"line":136,"column":null}},"13":{"start":{"line":140,"column":4},"end":{"line":144,"column":null}},"14":{"start":{"line":152,"column":17},"end":{"line":152,"column":43}},"15":{"start":{"line":153,"column":4},"end":{"line":153,"column":null}},"16":{"start":{"line":157,"column":4},"end":{"line":159,"column":null}},"17":{"start":{"line":158,"column":6},"end":{"line":158,"column":null}},"18":{"start":{"line":163,"column":4},"end":{"line":163,"column":null}},"19":{"start":{"line":171,"column":28},"end":{"line":171,"column":72}},"20":{"start":{"line":172,"column":4},"end":{"line":172,"column":null}},"21":{"start":{"line":176,"column":4},"end":{"line":176,"column":null}},"22":{"start":{"line":180,"column":4},"end":{"line":180,"column":null}},"23":{"start":{"line":184,"column":4},"end":{"line":184,"column":null}},"24":{"start":{"line":188,"column":4},"end":{"line":188,"column":null}},"25":{"start":{"line":192,"column":4},"end":{"line":192,"column":null}},"26":{"start":{"line":195,"column":4},"end":{"line":195,"column":null}},"27":{"start":{"line":209,"column":4},"end":{"line":218,"column":5}},"28":{"start":{"line":210,"column":6},"end":{"line":210,"column":null}},"29":{"start":{"line":211,"column":11},"end":{"line":218,"column":5}},"30":{"start":{"line":212,"column":31},"end":{"line":212,"column":72}},"31":{"start":{"line":213,"column":6},"end":{"line":213,"column":null}},"32":{"start":{"line":214,"column":11},"end":{"line":218,"column":5}},"33":{"start":{"line":215,"column":6},"end":{"line":215,"column":null}},"34":{"start":{"line":217,"column":6},"end":{"line":217,"column":null}},"35":{"start":{"line":221,"column":6},"end":{"line":221,"column":45}},"36":{"start":{"line":223,"column":4},"end":{"line":223,"column":35}},"37":{"start":{"line":223,"column":29},"end":{"line":223,"column":35}},"38":{"start":{"line":225,"column":4},"end":{"line":225,"column":null}},"39":{"start":{"line":229,"column":18},"end":{"line":229,"column":33}},"40":{"start":{"line":230,"column":20},"end":{"line":230,"column":35}},"41":{"start":{"line":231,"column":4},"end":{"line":231,"column":null}},"42":{"start":{"line":235,"column":0},"end":{"line":235,"column":null}}},"fnMap":{"0":{"name":"(anonymous_0)","decl":{"start":{"line":90,"column":2},"end":{"line":90,"column":null}},"loc":{"start":{"line":90,"column":2},"end":{"line":93,"column":3}}},"1":{"name":"(anonymous_1)","decl":{"start":{"line":95,"column":2},"end":{"line":95,"column":14}},"loc":{"start":{"line":95,"column":27},"end":{"line":97,"column":3}}},"2":{"name":"(anonymous_2)","decl":{"start":{"line":99,"column":2},"end":{"line":99,"column":9}},"loc":{"start":{"line":99,"column":9},"end":{"line":101,"column":3}}},"3":{"name":"(anonymous_3)","decl":{"start":{"line":103,"column":2},"end":{"line":103,"column":26}},"loc":{"start":{"line":106,"column":25},"end":{"line":115,"column":3}}},"4":{"name":"(anonymous_4)","decl":{"start":{"line":117,"column":2},"end":{"line":117,"column":18}},"loc":{"start":{"line":120,"column":24},"end":{"line":129,"column":3}}},"5":{"name":"(anonymous_5)","decl":{"start":{"line":131,"column":2},"end":{"line":131,"column":12}},"loc":{"start":{"line":134,"column":26},"end":{"line":137,"column":3}}},"6":{"name":"(anonymous_6)","decl":{"start":{"line":139,"column":2},"end":{"line":139,"column":14}},"loc":{"start":{"line":139,"column":30},"end":{"line":145,"column":3}}},"7":{"name":"(anonymous_7)","decl":{"start":{"line":147,"column":2},"end":{"line":147,"column":21}},"loc":{"start":{"line":150,"column":26},"end":{"line":154,"column":3}}},"8":{"name":"(anonymous_8)","decl":{"start":{"line":156,"column":2},"end":{"line":156,"column":20}},"loc":{"start":{"line":156,"column":41},"end":{"line":160,"column":3}}},"9":{"name":"(anonymous_9)","decl":{"start":{"line":157,"column":15},"end":{"line":157,"column":18}},"loc":{"start":{"line":157,"column":20},"end":{"line":159,"column":5}}},"10":{"name":"(anonymous_10)","decl":{"start":{"line":162,"column":2},"end":{"line":162,"column":10}},"loc":{"start":{"line":162,"column":29},"end":{"line":164,"column":3}}},"11":{"name":"(anonymous_11)","decl":{"start":{"line":166,"column":2},"end":{"line":166,"column":17}},"loc":{"start":{"line":169,"column":25},"end":{"line":173,"column":3}}},"12":{"name":"(anonymous_12)","decl":{"start":{"line":175,"column":2},"end":{"line":175,"column":22}},"loc":{"start":{"line":175,"column":67},"end":{"line":177,"column":3}}},"13":{"name":"(anonymous_13)","decl":{"start":{"line":179,"column":2},"end":{"line":179,"column":21}},"loc":{"start":{"line":179,"column":21},"end":{"line":181,"column":3}}},"14":{"name":"(anonymous_14)","decl":{"start":{"line":183,"column":2},"end":{"line":183,"column":19}},"loc":{"start":{"line":183,"column":55},"end":{"line":185,"column":3}}},"15":{"name":"(anonymous_15)","decl":{"start":{"line":187,"column":2},"end":{"line":187,"column":14}},"loc":{"start":{"line":187,"column":35},"end":{"line":189,"column":3}}},"16":{"name":"(anonymous_16)","decl":{"start":{"line":191,"column":2},"end":{"line":191,"column":14}},"loc":{"start":{"line":191,"column":35},"end":{"line":193,"column":3}}},"17":{"name":"(anonymous_17)","decl":{"start":{"line":194,"column":2},"end":{"line":194,"column":11}},"loc":{"start":{"line":194,"column":32},"end":{"line":196,"column":3}}},"18":{"name":"(anonymous_18)","decl":{"start":{"line":198,"column":2},"end":{"line":198,"column":21}},"loc":{"start":{"line":207,"column":3},"end":{"line":226,"column":3}}},"19":{"name":"(anonymous_19)","decl":{"start":{"line":228,"column":2},"end":{"line":228,"column":23}},"loc":{"start":{"line":228,"column":36},"end":{"line":232,"column":3}}}},"branchMap":{"0":{"loc":{"start":{"line":105,"column":4},"end":{"line":105,"column":33}},"type":"default-arg","locations":[{"start":{"line":105,"column":25},"end":{"line":105,"column":33}}]},"1":{"loc":{"start":{"line":106,"column":4},"end":{"line":106,"column":25}},"type":"default-arg","locations":[{"start":{"line":106,"column":22},"end":{"line":106,"column":25}}]},"2":{"loc":{"start":{"line":113,"column":17},"end":{"line":113,"column":60}},"type":"cond-expr","locations":[{"start":{"line":113,"column":45},"end":{"line":113,"column":47}},{"start":{"line":113,"column":45},"end":{"line":113,"column":60}}]},"3":{"loc":{"start":{"line":113,"column":17},"end":{"line":113,"column":47}},"type":"binary-expr","locations":[{"start":{"line":113,"column":17},"end":{"line":113,"column":47}},{"start":{"line":113,"column":45},"end":{"line":113,"column":47}}]},"4":{"loc":{"start":{"line":113,"column":17},"end":{"line":113,"column":45}},"type":"cond-expr","locations":[{"start":{"line":113,"column":32},"end":{"line":113,"column":34}},{"start":{"line":113,"column":17},"end":{"line":113,"column":45}}]},"5":{"loc":{"start":{"line":113,"column":17},"end":{"line":113,"column":34}},"type":"binary-expr","locations":[{"start":{"line":113,"column":17},"end":{"line":113,"column":34}},{"start":{"line":113,"column":17},"end":{"line":113,"column":34}}]},"6":{"loc":{"start":{"line":171,"column":28},"end":{"line":171,"column":72}},"type":"cond-expr","locations":[{"start":{"line":171,"column":43},"end":{"line":171,"column":45}},{"start":{"line":171,"column":28},"end":{"line":171,"column":72}}]},"7":{"loc":{"start":{"line":171,"column":28},"end":{"line":171,"column":45}},"type":"binary-expr","locations":[{"start":{"line":171,"column":28},"end":{"line":171,"column":45}},{"start":{"line":171,"column":28},"end":{"line":171,"column":45}}]},"8":{"loc":{"start":{"line":172,"column":11},"end":{"line":172,"column":80}},"type":"cond-expr","locations":[{"start":{"line":172,"column":29},"end":{"line":172,"column":73}},{"start":{"line":172,"column":76},"end":{"line":172,"column":80}}]},"9":{"loc":{"start":{"line":209,"column":4},"end":{"line":218,"column":5}},"type":"if","locations":[{"start":{"line":209,"column":4},"end":{"line":218,"column":5}},{"start":{"line":211,"column":11},"end":{"line":218,"column":5}}]},"10":{"loc":{"start":{"line":211,"column":11},"end":{"line":218,"column":5}},"type":"if","locations":[{"start":{"line":211,"column":11},"end":{"line":218,"column":5}},{"start":{"line":214,"column":11},"end":{"line":218,"column":5}}]},"11":{"loc":{"start":{"line":214,"column":11},"end":{"line":218,"column":5}},"type":"if","locations":[{"start":{"line":214,"column":11},"end":{"line":218,"column":5}},{"start":{"line":216,"column":11},"end":{"line":218,"column":5}}]},"12":{"loc":{"start":{"line":221,"column":6},"end":{"line":221,"column":45}},"type":"cond-expr","locations":[{"start":{"line":221,"column":12},"end":{"line":221,"column":14}},{"start":{"line":221,"column":6},"end":{"line":221,"column":45}}]},"13":{"loc":{"start":{"line":221,"column":6},"end":{"line":221,"column":14}},"type":"binary-expr","locations":[{"start":{"line":221,"column":6},"end":{"line":221,"column":14}},{"start":{"line":221,"column":6},"end":{"line":221,"column":14}}]},"14":{"loc":{"start":{"line":223,"column":4},"end":{"line":223,"column":35}},"type":"if","locations":[{"start":{"line":223,"column":4},"end":{"line":223,"column":35}}]}},"s":{"0":12,"1":12,"2":12,"3":12,"4":1,"5":0,"6":0,"7":0,"8":0,"9":0,"10":0,"11":0,"12":0,"13":0,"14":0,"15":0,"16":0,"17":0,"18":0,"19":2,"20":2,"21":0,"22":0,"23":0,"24":1,"25":1,"26":1,"27":0,"28":0,"29":0,"30":0,"31":0,"32":0,"33":0,"34":0,"35":0,"36":0,"37":0,"38":0,"39":0,"40":0,"41":0,"42":4},"f":{"0":12,"1":1,"2":0,"3":0,"4":0,"5":0,"6":0,"7":0,"8":0,"9":0,"10":0,"11":2,"12":0,"13":0,"14":0,"15":1,"16":1,"17":1,"18":0,"19":0},"b":{"0":[0],"1":[0],"2":[0,0],"3":[0,0],"4":[0,0],"5":[0,0],"6":[0,2],"7":[2,2],"8":[2,0],"9":[0,0],"10":[0,0],"11":[0,0],"12":[0,0],"13":[0,0],"14":[0]}}
}
