TN:
SF:js\advanceSettings.ts
FN:15,(anonymous_8)
FN:111,(anonymous_9)
FN:126,(anonymous_10)
FN:135,(anonymous_11)
FN:147,(anonymous_12)
FN:160,(anonymous_13)
FN:192,(anonymous_14)
FN:224,(anonymous_15)
FN:230,(anonymous_16)
FN:234,(anonymous_17)
FN:239,(anonymous_18)
FN:243,(anonymous_19)
FN:247,(anonymous_20)
FN:258,(anonymous_21)
FN:265,(anonymous_22)
FN:266,(anonymous_24)
FN:267,(anonymous_25)
FN:287,(anonymous_26)
FN:19,_AdvanceSettings_markup
FN:85,_AdvanceSettings_analyticsUsage
FNF:20
FNH:3
FNDA:5,(anonymous_8)
FNDA:0,(anonymous_9)
FNDA:0,(anonymous_10)
FNDA:0,(anonymous_11)
FNDA:2,(anonymous_12)
FNDA:0,(anonymous_13)
FNDA:0,(anonymous_14)
FNDA:0,(anonymous_15)
FNDA:0,(anonymous_16)
FNDA:0,(anonymous_17)
FNDA:0,(anonymous_18)
FNDA:0,(anonymous_19)
FNDA:1,(anonymous_20)
FNDA:0,(anonymous_21)
FNDA:0,(anonymous_22)
FNDA:0,(anonymous_24)
FNDA:0,(anonymous_25)
FNDA:0,(anonymous_26)
FNDA:0,_AdvanceSettings_markup
FNDA:0,_AdvanceSettings_analyticsUsage
DA:3,2
DA:12,2
DA:16,5
DA:19,2
DA:20,0
DA:21,0
DA:88,0
DA:89,0
DA:112,0
DA:113,0
DA:114,0
DA:117,0
DA:120,0
DA:123,0
DA:127,0
DA:132,0
DA:136,0
DA:139,0
DA:142,0
DA:144,0
DA:151,2
DA:156,2
DA:157,2
DA:161,0
DA:166,0
DA:169,0
DA:171,0
DA:176,0
DA:177,0
DA:180,0
DA:183,0
DA:186,0
DA:189,0
DA:193,0
DA:198,0
DA:201,0
DA:203,0
DA:208,0
DA:209,0
DA:212,0
DA:215,0
DA:218,0
DA:221,0
DA:225,0
DA:226,0
DA:227,0
DA:231,0
DA:235,0
DA:236,0
DA:240,0
DA:244,0
DA:248,1
DA:250,1
DA:251,1
DA:252,1
DA:253,1
DA:255,1
DA:259,0
DA:260,0
DA:261,0
DA:262,0
DA:266,0
DA:267,0
DA:268,0
DA:270,0
DA:275,0
DA:278,0
DA:283,0
DA:288,0
DA:289,0
DA:293,2
LF:71
LH:14
BRDA:169,0,0,0
BRDA:201,1,0,0
BRDA:225,2,0,0
BRDA:270,3,0,0
BRDA:271,4,0,0
BRDA:271,4,1,0
BRDA:271,4,2,0
BRF:7
BRH:0
end_of_record
TN:
SF:js\basicSettings.ts
FN:6,(anonymous_0)
FN:10,(anonymous_1)
FN:21,(anonymous_2)
FN:30,(anonymous_3)
FN:31,(anonymous_4)
FN:36,(anonymous_5)
FN:44,(anonymous_6)
FN:52,(anonymous_7)
FN:64,(anonymous_8)
FN:93,(anonymous_9)
FN:116,(anonymous_10)
FNF:11
FNH:3
FNDA:9,(anonymous_0)
FNDA:0,(anonymous_1)
FNDA:0,(anonymous_2)
FNDA:0,(anonymous_3)
FNDA:0,(anonymous_4)
FNDA:1,(anonymous_5)
FNDA:1,(anonymous_6)
FNDA:0,(anonymous_7)
FNDA:0,(anonymous_8)
FNDA:0,(anonymous_9)
FNDA:0,(anonymous_10)
DA:3,3
DA:7,9
DA:11,0
DA:26,0
DA:27,0
DA:31,0
DA:32,0
DA:37,1
DA:38,1
DA:45,1
DA:46,1
DA:53,0
DA:54,0
DA:55,0
DA:56,0
DA:61,0
DA:69,0
DA:70,0
DA:76,0
DA:78,0
DA:80,0
DA:81,0
DA:82,0
DA:83,0
DA:84,0
DA:85,0
DA:87,0
DA:88,0
DA:89,0
DA:94,0
DA:96,0
DA:98,0
DA:100,0
DA:106,0
DA:107,0
DA:108,0
DA:109,0
DA:112,0
DA:113,0
DA:121,0
DA:123,0
DA:125,0
DA:126,0
DA:127,0
DA:128,0
DA:130,0
DA:131,0
DA:136,3
LF:48
LH:7
BRDA:37,0,0,0
BRDA:37,0,1,1
BRDA:37,1,0,1
BRDA:37,1,1,1
BRDA:38,2,0,0
BRDA:38,2,1,1
BRDA:38,3,0,1
BRDA:38,3,1,1
BRDA:55,4,0,0
BRDA:55,4,1,0
BRDA:55,5,0,0
BRDA:55,5,1,0
BRDA:76,6,0,0
BRDA:80,7,0,0
BRDA:80,7,1,0
BRDA:96,8,0,0
BRDA:96,9,0,0
BRDA:96,9,1,0
BRDA:106,10,0,0
BRDA:123,11,0,0
BRDA:125,12,0,0
BRDA:125,12,1,0
BRF:22
BRH:6
end_of_record
TN:
SF:js\general.ts
FN:90,(anonymous_0)
FN:95,(anonymous_1)
FN:99,(anonymous_2)
FN:103,(anonymous_3)
FN:117,(anonymous_4)
FN:131,(anonymous_5)
FN:139,(anonymous_6)
FN:147,(anonymous_7)
FN:156,(anonymous_8)
FN:157,(anonymous_9)
FN:162,(anonymous_10)
FN:166,(anonymous_11)
FN:175,(anonymous_12)
FN:179,(anonymous_13)
FN:183,(anonymous_14)
FN:187,(anonymous_15)
FN:191,(anonymous_16)
FN:194,(anonymous_17)
FN:198,(anonymous_18)
FN:228,(anonymous_19)
FNF:20
FNH:6
FNDA:12,(anonymous_0)
FNDA:1,(anonymous_1)
FNDA:0,(anonymous_2)
FNDA:0,(anonymous_3)
FNDA:0,(anonymous_4)
FNDA:0,(anonymous_5)
FNDA:0,(anonymous_6)
FNDA:0,(anonymous_7)
FNDA:0,(anonymous_8)
FNDA:0,(anonymous_9)
FNDA:0,(anonymous_10)
FNDA:2,(anonymous_11)
FNDA:0,(anonymous_12)
FNDA:0,(anonymous_13)
FNDA:0,(anonymous_14)
FNDA:1,(anonymous_15)
FNDA:1,(anonymous_16)
FNDA:1,(anonymous_17)
FNDA:0,(anonymous_18)
FNDA:0,(anonymous_19)
DA:14,12
DA:80,12
DA:91,12
DA:92,12
DA:96,1
DA:100,0
DA:108,0
DA:113,0
DA:114,0
DA:122,0
DA:127,0
DA:128,0
DA:136,0
DA:140,0
DA:152,0
DA:153,0
DA:157,0
DA:158,0
DA:163,0
DA:171,2
DA:172,2
DA:176,0
DA:180,0
DA:184,0
DA:188,1
DA:192,1
DA:195,1
DA:209,0
DA:210,0
DA:211,0
DA:212,0
DA:213,0
DA:214,0
DA:215,0
DA:217,0
DA:221,0
DA:223,0
DA:225,0
DA:229,0
DA:230,0
DA:231,0
DA:235,4
LF:42
LH:11
BRDA:105,0,0,0
BRDA:106,1,0,0
BRDA:113,2,0,0
BRDA:113,2,1,0
BRDA:113,3,0,0
BRDA:113,3,1,0
BRDA:113,4,0,0
BRDA:113,4,1,0
BRDA:113,5,0,0
BRDA:113,5,1,0
BRDA:171,6,0,0
BRDA:171,6,1,2
BRDA:171,7,0,2
BRDA:171,7,1,2
BRDA:172,8,0,2
BRDA:172,8,1,0
BRDA:209,9,0,0
BRDA:209,9,1,0
BRDA:211,10,0,0
BRDA:211,10,1,0
BRDA:214,11,0,0
BRDA:214,11,1,0
BRDA:221,12,0,0
BRDA:221,12,1,0
BRDA:221,13,0,0
BRDA:221,13,1,0
BRDA:223,14,0,0
BRF:27
BRH:4
end_of_record
